/Users/admin/Documents/growup/backend/venv/lib/python3.9/site-packages/google/auth/__init__.py:54: FutureWarning: You are using a Python version 3.9 past its end of life. Google will update google-auth with critical bug fixes on a best-effort basis, but not with any other fixes or features. Please upgrade your Python version, and then update google-auth.
  warnings.warn(eol_message.format("3.9"), FutureWarning)
/Users/admin/Documents/growup/backend/venv/lib/python3.9/site-packages/urllib3/__init__.py:35: NotOpenSSLWarning: urllib3 v2 only supports OpenSSL 1.1.1+, currently the 'ssl' module is compiled with 'LibreSSL 2.8.3'. See: https://github.com/urllib3/urllib3/issues/3020
  warnings.warn(
/Users/admin/Documents/growup/backend/venv/lib/python3.9/site-packages/google/oauth2/__init__.py:40: FutureWarning: You are using a Python version 3.9 past its end of life. Google will update google-auth with critical bug fixes on a best-effort basis, but not with any other fixes or features. Please upgrade your Python version, and then update google-auth.
  warnings.warn(eol_message.format("3.9"), FutureWarning)
/Users/admin/Documents/growup/backend/venv/lib/python3.9/site-packages/google/api_core/_python_version_support.py:246: FutureWarning: You are using a non-supported Python version (3.9.6). Google will not post any further updates to google.api_core supporting this Python version. Please upgrade to the latest Python version, or at least Python 3.10, and then update google.api_core.
  warnings.warn(message, FutureWarning)
INFO:     Started server process [38637]
INFO:     Waiting for application startup.
INFO:     Application startup complete.
INFO:     Uvicorn running on http://0.0.0.0:8000 (Press CTRL+C to quit)
INFO:     127.0.0.1:53392 - "POST /api/v1/auth/login HTTP/1.1" 200 OK
INFO:     127.0.0.1:53397 - "GET /api/v1/student/courses/1/scores HTTP/1.1" 200 OK
INFO:     127.0.0.1:53578 - "OPTIONS /api/v1/student/courses/1/scores HTTP/1.1" 200 OK
INFO:     127.0.0.1:53579 - "OPTIONS /api/v1/student/courses/1/rubrics HTTP/1.1" 200 OK
INFO:     127.0.0.1:53578 - "GET /api/v1/student/courses/1/scores HTTP/1.1" 200 OK
INFO:     127.0.0.1:53579 - "GET /api/v1/student/courses/1/rubrics HTTP/1.1" 200 OK
INFO:     127.0.0.1:53742 - "GET /api/v1/student/courses/1/rubrics HTTP/1.1" 500 Internal Server Error
ERROR:    Exception in ASGI application
Traceback (most recent call last):
  File "/Users/admin/Documents/growup/backend/venv/lib/python3.9/site-packages/httpx/_transports/default.py", line 101, in map_httpcore_exceptions
    yield
  File "/Users/admin/Documents/growup/backend/venv/lib/python3.9/site-packages/httpx/_transports/default.py", line 394, in handle_async_request
    resp = await self._pool.handle_async_request(req)
  File "/Users/admin/Documents/growup/backend/venv/lib/python3.9/site-packages/httpcore/_async/connection_pool.py", line 256, in handle_async_request
    raise exc from None
  File "/Users/admin/Documents/growup/backend/venv/lib/python3.9/site-packages/httpcore/_async/connection_pool.py", line 236, in handle_async_request
    response = await connection.handle_async_request(
  File "/Users/admin/Documents/growup/backend/venv/lib/python3.9/site-packages/httpcore/_async/connection.py", line 101, in handle_async_request
    raise exc
  File "/Users/admin/Documents/growup/backend/venv/lib/python3.9/site-packages/httpcore/_async/connection.py", line 78, in handle_async_request
    stream = await self._connect(request)
  File "/Users/admin/Documents/growup/backend/venv/lib/python3.9/site-packages/httpcore/_async/connection.py", line 124, in _connect
    stream = await self._network_backend.connect_tcp(**kwargs)
  File "/Users/admin/Documents/growup/backend/venv/lib/python3.9/site-packages/httpcore/_backends/auto.py", line 31, in connect_tcp
    return await self._backend.connect_tcp(
  File "/Users/admin/Documents/growup/backend/venv/lib/python3.9/site-packages/httpcore/_backends/anyio.py", line 122, in connect_tcp
    stream._raw_socket.setsockopt(*option)  # type: ignore[attr-defined] # pragma: no cover
  File "/Applications/Xcode.app/Contents/Developer/Library/Frameworks/Python3.framework/Versions/3.9/lib/python3.9/contextlib.py", line 135, in __exit__
    self.gen.throw(type, value, traceback)
  File "/Users/admin/Documents/growup/backend/venv/lib/python3.9/site-packages/httpcore/_exceptions.py", line 14, in map_exceptions
    raise to_exc(exc) from exc
httpcore.ConnectError: [Errno 8] nodename nor servname provided, or not known

The above exception was the direct cause of the following exception:

Traceback (most recent call last):
  File "/Users/admin/Documents/growup/backend/venv/lib/python3.9/site-packages/uvicorn/protocols/http/httptools_impl.py", line 409, in run_asgi
    result = await app(  # type: ignore[func-returns-value]
  File "/Users/admin/Documents/growup/backend/venv/lib/python3.9/site-packages/uvicorn/middleware/proxy_headers.py", line 60, in __call__
    return await self.app(scope, receive, send)
  File "/Users/admin/Documents/growup/backend/venv/lib/python3.9/site-packages/fastapi/applications.py", line 1054, in __call__
    await super().__call__(scope, receive, send)
  File "/Users/admin/Documents/growup/backend/venv/lib/python3.9/site-packages/starlette/applications.py", line 113, in __call__
    await self.middleware_stack(scope, receive, send)
  File "/Users/admin/Documents/growup/backend/venv/lib/python3.9/site-packages/starlette/middleware/errors.py", line 187, in __call__
    raise exc
  File "/Users/admin/Documents/growup/backend/venv/lib/python3.9/site-packages/starlette/middleware/errors.py", line 165, in __call__
    await self.app(scope, receive, _send)
  File "/Users/admin/Documents/growup/backend/venv/lib/python3.9/site-packages/starlette/middleware/cors.py", line 93, in __call__
    await self.simple_response(scope, receive, send, request_headers=headers)
  File "/Users/admin/Documents/growup/backend/venv/lib/python3.9/site-packages/starlette/middleware/cors.py", line 144, in simple_response
    await self.app(scope, receive, send)
  File "/Users/admin/Documents/growup/backend/venv/lib/python3.9/site-packages/starlette/middleware/exceptions.py", line 62, in __call__
    await wrap_app_handling_exceptions(self.app, conn)(scope, receive, send)
  File "/Users/admin/Documents/growup/backend/venv/lib/python3.9/site-packages/starlette/_exception_handler.py", line 53, in wrapped_app
    raise exc
  File "/Users/admin/Documents/growup/backend/venv/lib/python3.9/site-packages/starlette/_exception_handler.py", line 42, in wrapped_app
    await app(scope, receive, sender)
  File "/Users/admin/Documents/growup/backend/venv/lib/python3.9/site-packages/starlette/routing.py", line 715, in __call__
    await self.middleware_stack(scope, receive, send)
  File "/Users/admin/Documents/growup/backend/venv/lib/python3.9/site-packages/starlette/routing.py", line 735, in app
    await route.handle(scope, receive, send)
  File "/Users/admin/Documents/growup/backend/venv/lib/python3.9/site-packages/starlette/routing.py", line 288, in handle
    await self.app(scope, receive, send)
  File "/Users/admin/Documents/growup/backend/venv/lib/python3.9/site-packages/starlette/routing.py", line 76, in app
    await wrap_app_handling_exceptions(app, request)(scope, receive, send)
  File "/Users/admin/Documents/growup/backend/venv/lib/python3.9/site-packages/starlette/_exception_handler.py", line 53, in wrapped_app
    raise exc
  File "/Users/admin/Documents/growup/backend/venv/lib/python3.9/site-packages/starlette/_exception_handler.py", line 42, in wrapped_app
    await app(scope, receive, sender)
  File "/Users/admin/Documents/growup/backend/venv/lib/python3.9/site-packages/starlette/routing.py", line 73, in app
    response = await f(request)
  File "/Users/admin/Documents/growup/backend/venv/lib/python3.9/site-packages/fastapi/routing.py", line 301, in app
    raw_response = await run_endpoint_function(
  File "/Users/admin/Documents/growup/backend/venv/lib/python3.9/site-packages/fastapi/routing.py", line 212, in run_endpoint_function
    return await dependant.call(**values)
  File "/Users/admin/Documents/growup/backend/app/api/v1/student.py", line 156, in my_rubrics
    rows = await get_rubric_scores_for_student(uid, course.legacy_user_group_id)
  File "/Users/admin/Documents/growup/backend/app/services/legacy_service.py", line 112, in get_rubric_scores_for_student
    courses = await _query_legacy(sql_courses)
  File "/Users/admin/Documents/growup/backend/app/services/legacy_service.py", line 33, in _query_legacy
    resp = await client.post(
  File "/Users/admin/Documents/growup/backend/venv/lib/python3.9/site-packages/httpx/_client.py", line 1859, in post
    return await self.request(
  File "/Users/admin/Documents/growup/backend/venv/lib/python3.9/site-packages/httpx/_client.py", line 1540, in request
    return await self.send(request, auth=auth, follow_redirects=follow_redirects)
  File "/Users/admin/Documents/growup/backend/venv/lib/python3.9/site-packages/httpx/_client.py", line 1629, in send
    response = await self._send_handling_auth(
  File "/Users/admin/Documents/growup/backend/venv/lib/python3.9/site-packages/httpx/_client.py", line 1657, in _send_handling_auth
    response = await self._send_handling_redirects(
  File "/Users/admin/Documents/growup/backend/venv/lib/python3.9/site-packages/httpx/_client.py", line 1694, in _send_handling_redirects
    response = await self._send_single_request(request)
  File "/Users/admin/Documents/growup/backend/venv/lib/python3.9/site-packages/httpx/_client.py", line 1730, in _send_single_request
    response = await transport.handle_async_request(request)
  File "/Users/admin/Documents/growup/backend/venv/lib/python3.9/site-packages/httpx/_transports/default.py", line 394, in handle_async_request
    resp = await self._pool.handle_async_request(req)
  File "/Applications/Xcode.app/Contents/Developer/Library/Frameworks/Python3.framework/Versions/3.9/lib/python3.9/contextlib.py", line 135, in __exit__
    self.gen.throw(type, value, traceback)
  File "/Users/admin/Documents/growup/backend/venv/lib/python3.9/site-packages/httpx/_transports/default.py", line 118, in map_httpcore_exceptions
    raise mapped_exc(message) from exc
httpx.ConnectError: [Errno 8] nodename nor servname provided, or not known
INFO:     127.0.0.1:53741 - "GET /api/v1/student/courses/1/scores HTTP/1.1" 200 OK
INFO:     127.0.0.1:53807 - "GET /api/v1/student/courses/1/scores HTTP/1.1" 200 OK
INFO:     127.0.0.1:53808 - "GET /api/v1/student/courses/1/rubrics HTTP/1.1" 200 OK
INFO:     127.0.0.1:53840 - "GET /api/v1/student/courses/1/scores HTTP/1.1" 200 OK
INFO:     127.0.0.1:53841 - "GET /api/v1/student/courses/1/rubrics HTTP/1.1" 200 OK
INFO:     127.0.0.1:53897 - "OPTIONS /api/v1/auth/login HTTP/1.1" 200 OK
INFO:     127.0.0.1:53897 - "POST /api/v1/auth/login HTTP/1.1" 200 OK
INFO:     127.0.0.1:53897 - "OPTIONS /api/v1/facilitator/courses HTTP/1.1" 200 OK
INFO:     127.0.0.1:53897 - "GET /api/v1/facilitator/courses HTTP/1.1" 200 OK
INFO:     127.0.0.1:53897 - "OPTIONS /api/v1/admin/sync/students/2 HTTP/1.1" 200 OK
INFO:     127.0.0.1:53901 - "OPTIONS /api/v1/facilitator/courses/2/quests HTTP/1.1" 200 OK
INFO:     127.0.0.1:53902 - "OPTIONS /api/v1/facilitator/courses/2/students HTTP/1.1" 200 OK
INFO:     127.0.0.1:53903 - "OPTIONS /api/v1/facilitator/courses/2/bonus-scores HTTP/1.1" 200 OK
INFO:     127.0.0.1:53902 - "GET /api/v1/facilitator/courses/2/students HTTP/1.1" 200 OK
INFO:     127.0.0.1:53901 - "GET /api/v1/facilitator/courses/2/quests HTTP/1.1" 200 OK
INFO:     127.0.0.1:53903 - "GET /api/v1/facilitator/courses/2/bonus-scores HTTP/1.1" 200 OK
INFO:     127.0.0.1:53897 - "POST /api/v1/admin/sync/students/2 HTTP/1.1" 200 OK
